{"@timestamp":"2025-08-24T17:51:45.629+08:00","caller":"api/notice.go:210","content":"Server starting on 0.0.0.0:5555","level":"info"}
{"@timestamp":"2025-08-24T17:51:46.187+08:00","caller":"rsi/binance_rsi.go:172","content":"RSI warmup signal sent at 2025-08-24 17:51:46: [RSI] warmup done BTCUSDT 1m RSI(14)=52.40 @ 2025-08-24T17:51:59+08:00","level":"info"}
{"@timestamp":"2025-08-24T17:51:46.221+08:00","caller":"rsi/binance_rsi.go:172","content":"RSI warmup signal sent at 2025-08-24 17:51:46: [RSI] warmup done BTCUSDT 1h RSI(14)=45.85 @ 2025-08-24T17:59:59+08:00","level":"info"}
{"@timestamp":"2025-08-24T17:51:46.246+08:00","caller":"rsi/binance_rsi.go:172","content":"RSI warmup signal sent at 2025-08-24 17:51:46: [RSI] warmup done BTCUSDT 5m RSI(14)=54.67 @ 2025-08-24T17:54:59+08:00","level":"info"}
{"@timestamp":"2025-08-24T17:51:46.268+08:00","caller":"rsi/binance_rsi.go:172","content":"RSI warmup signal sent at 2025-08-24 17:51:46: [RSI] warmup done BTCUSDT 15m RSI(14)=48.84 @ 2025-08-24T17:59:59+08:00","level":"info"}
{"@timestamp":"2025-08-24T17:51:46.756+08:00","caller":"rsi/binance_rsi.go:200","content":"RSI connection signal sent at 2025-08-24 17:51:46: [RSI] connected BTCUSDT 1m period=14","level":"info"}
{"@timestamp":"2025-08-24T17:51:46.779+08:00","caller":"rsi/binance_rsi.go:200","content":"RSI connection signal sent at 2025-08-24 17:51:46: [RSI] connected BTCUSDT 15m period=14","level":"info"}
{"@timestamp":"2025-08-24T17:51:46.780+08:00","caller":"rsi/binance_rsi.go:200","content":"RSI connection signal sent at 2025-08-24 17:51:46: [RSI] connected BTCUSDT 5m period=14","level":"info"}
{"@timestamp":"2025-08-24T17:51:46.820+08:00","caller":"rsi/binance_rsi.go:200","content":"RSI connection signal sent at 2025-08-24 17:51:46: [RSI] connected BTCUSDT 1h period=14","level":"info"}
{"@timestamp":"2025-08-24T17:52:34.440+08:00","caller":"handler/loghandler.go:147","content":"[HTTP] 200 - POST /notice_token - [::1]:56614 - curl/8.7.1","duration":"694.9ms","level":"info","span":"2920ef790f2b9b96","trace":"7ac99865dcddaf14fb720d4f88e36f07"}
{"@timestamp":"2025-08-24T17:52:48.380+08:00","caller":"api/notice.go:135","content":"Signal sent at 2025-08-24 17:52:48: 测试RSI信号推送 - Token已配置成功","level":"info"}
{"@timestamp":"2025-08-24T17:52:48.686+08:00","caller":"api/notice.go:143","content":"Signal sent successfully: 测试RSI信号推送 - Token已配置成功","level":"info"}
{"@timestamp":"2025-08-24T17:52:48.686+08:00","caller":"handler/loghandler.go:147","content":"[HTTP] 200 - POST /notice/query - [::1]:56664 - curl/8.7.1","duration":"306.4ms","level":"info","span":"4943c52ad9bd96fd","trace":"298916ab320951a6a1fc01a1c6a4d4bb"}
{"@timestamp":"2025-08-24T17:53:31.640+08:00","caller":"handler/loghandler.go:147","content":"[HTTP] 200 - GET /notice_token/stats - [::1]:56784 - curl/8.7.1","duration":"0.0ms","level":"info","span":"94faec2e662507ff","trace":"580992fcf2f9c1ed5c19381a1113e494"}
{"@timestamp":"2025-08-24T18:05:59.997+08:00","caller":"rsi/binance_rsi.go:228","content":"RSI signal sent at 2025-08-24 18:05:59: BTCUSDT 1m close=114854.90 RSI(14)=40.48 @ 2025-08-24T18:05:59+08:00","level":"info"}
{"@timestamp":"2025-08-24T18:06:59.790+08:00","caller":"rsi/binance_rsi.go:228","content":"RSI signal sent at 2025-08-24 18:06:59: BTCUSDT 1m close=114835.80 RSI(14)=38.24 @ 2025-08-24T18:06:59+08:00","level":"info"}
{"@timestamp":"2025-08-24T18:07:59.980+08:00","caller":"rsi/binance_rsi.go:228","content":"RSI signal sent at 2025-08-24 18:07:59: BTCUSDT 1m close=114819.50 RSI(14)=36.39 @ 2025-08-24T18:07:59+08:00","level":"info"}
{"@timestamp":"2025-08-24T18:08:59.775+08:00","caller":"rsi/binance_rsi.go:228","content":"RSI signal sent at 2025-08-24 18:08:59: BTCUSDT 1m close=114800.00 RSI(14)=34.26 @ 2025-08-24T18:08:59+08:00","level":"info"}
{"@timestamp":"2025-08-24T18:09:59.836+08:00","caller":"rsi/binance_rsi.go:228","content":"RSI signal sent at 2025-08-24 18:09:59: BTCUSDT 1m close=114800.10 RSI(14)=34.28 @ 2025-08-24T18:09:59+08:00","level":"info"}
{"@timestamp":"2025-08-24T18:11:00.014+08:00","caller":"rsi/binance_rsi.go:228","content":"RSI signal sent at 2025-08-24 18:11:00: BTCUSDT 1m close=114793.50 RSI(14)=33.50 @ 2025-08-24T18:10:59+08:00","level":"info"}
{"@timestamp":"2025-08-24T19:33:31.608+08:00","caller":"rsi/binance_rsi.go:172","content":"RSI warmup signal sent at 2025-08-24 19:33:31: [RSI] warmup done BTCUSDT 1h RSI(14)=38.96 @ 2025-08-24T19:59:59+08:00","level":"info"}
{"@timestamp":"2025-08-24T19:33:31.638+08:00","caller":"rsi/binance_rsi.go:172","content":"RSI warmup signal sent at 2025-08-24 19:33:31: [RSI] warmup done BTCUSDT 1m RSI(14)=40.19 @ 2025-08-24T19:33:59+08:00","level":"info"}
{"@timestamp":"2025-08-24T19:33:31.664+08:00","caller":"rsi/binance_rsi.go:172","content":"RSI warmup signal sent at 2025-08-24 19:33:31: [RSI] warmup done BTCUSDT 15m RSI(14)=38.89 @ 2025-08-24T19:44:59+08:00","level":"info"}
{"@timestamp":"2025-08-24T19:33:31.680+08:00","caller":"rsi/binance_rsi.go:172","content":"RSI warmup signal sent at 2025-08-24 19:33:31: [RSI] warmup done BTCUSDT 5m RSI(14)=41.41 @ 2025-08-24T19:34:59+08:00","level":"info"}
{"@timestamp":"2025-08-24T19:33:32.892+08:00","caller":"rsi/binance_rsi.go:200","content":"RSI connection signal sent at 2025-08-24 19:33:32: [RSI] connected BTCUSDT 1h period=14","level":"info"}
{"@timestamp":"2025-08-24T19:33:32.897+08:00","caller":"rsi/binance_rsi.go:200","content":"RSI connection signal sent at 2025-08-24 19:33:32: [RSI] connected BTCUSDT 1m period=14","level":"info"}
{"@timestamp":"2025-08-24T19:33:33.276+08:00","caller":"rsi/binance_rsi.go:200","content":"RSI connection signal sent at 2025-08-24 19:33:33: [RSI] connected BTCUSDT 5m period=14","level":"info"}
{"@timestamp":"2025-08-24T19:33:33.295+08:00","caller":"rsi/binance_rsi.go:200","content":"RSI connection signal sent at 2025-08-24 19:33:33: [RSI] connected BTCUSDT 15m period=14","level":"info"}
{"@timestamp":"2025-08-24T19:42:44.590+08:00","caller":"rsi/binance_rsi.go:172","content":"RSI warmup signal sent at 2025-08-24 19:42:44: [RSI] warmup done BTCUSDT 5m RSI(14)=42.63 @ 2025-08-24T19:44:59+08:00","level":"info"}
{"@timestamp":"2025-08-24T19:42:44.610+08:00","caller":"rsi/binance_rsi.go:172","content":"RSI warmup signal sent at 2025-08-24 19:42:44: [RSI] warmup done BTCUSDT 15m RSI(14)=39.76 @ 2025-08-24T19:44:59+08:00","level":"info"}
{"@timestamp":"2025-08-24T19:42:44.638+08:00","caller":"rsi/binance_rsi.go:172","content":"RSI warmup signal sent at 2025-08-24 19:42:44: [RSI] warmup done BTCUSDT 1h RSI(14)=39.38 @ 2025-08-24T19:59:59+08:00","level":"info"}
{"@timestamp":"2025-08-24T19:42:44.644+08:00","caller":"rsi/binance_rsi.go:172","content":"RSI warmup signal sent at 2025-08-24 19:42:44: [RSI] warmup done BTCUSDT 1m RSI(14)=45.06 @ 2025-08-24T19:42:59+08:00","level":"info"}
{"@timestamp":"2025-08-24T19:42:45.697+08:00","caller":"rsi/binance_rsi.go:200","content":"RSI connection signal sent at 2025-08-24 19:42:45: [RSI] connected BTCUSDT 1m period=14","level":"info"}
{"@timestamp":"2025-08-24T19:42:45.699+08:00","caller":"rsi/binance_rsi.go:200","content":"RSI connection signal sent at 2025-08-24 19:42:45: [RSI] connected BTCUSDT 15m period=14","level":"info"}
{"@timestamp":"2025-08-24T19:42:45.704+08:00","caller":"rsi/binance_rsi.go:200","content":"RSI connection signal sent at 2025-08-24 19:42:45: [RSI] connected BTCUSDT 5m period=14","level":"info"}
{"@timestamp":"2025-08-24T19:42:45.707+08:00","caller":"rsi/binance_rsi.go:200","content":"RSI connection signal sent at 2025-08-24 19:42:45: [RSI] connected BTCUSDT 1h period=14","level":"info"}
{"@timestamp":"2025-08-24T19:56:59.893+08:00","caller":"rsi/binance_rsi.go:228","content":"RSI signal sent at 2025-08-24 19:56:59: BTCUSDT 1m close=114732.10 RSI(14)=78.02 @ 2025-08-24T19:56:59+08:00","level":"info"}
{"@timestamp":"2025-08-24T19:57:59.896+08:00","caller":"rsi/binance_rsi.go:228","content":"RSI signal sent at 2025-08-24 19:57:59: BTCUSDT 1m close=114732.10 RSI(14)=78.02 @ 2025-08-24T19:57:59+08:00","level":"info"}
{"@timestamp":"2025-08-24T19:58:59.983+08:00","caller":"rsi/binance_rsi.go:228","content":"RSI signal sent at 2025-08-24 19:58:59: BTCUSDT 1m close=114702.00 RSI(14)=64.92 @ 2025-08-24T19:58:59+08:00","level":"info"}
{"@timestamp":"2025-08-24T20:00:00.213+08:00","caller":"rsi/binance_rsi.go:228","content":"RSI signal sent at 2025-08-24 20:00:00: BTCUSDT 1m close=114702.00 RSI(14)=64.92 @ 2025-08-24T19:59:59+08:00","level":"info"}
